::1 - - [08/May/2025:21:33:36 +0000] "GET /api/auth/users HTTP/1.1" 401 44 "-" "curl/8.11.1"
::1 - - [08/May/2025:21:33:48 +0000] "POST /api/auth/login HTTP/1.1" 400 33 "-" "Mozilla/5.0 (Windows NT 10.0; Microsoft Windows 10.0.26100; en-US) PowerShell/7.5.0"
::1 - - [08/May/2025:21:33:48 +0000] "GET /api/auth/users HTTP/1.1" 401 44 "-" "Mozilla/5.0 (Windows NT 10.0; Microsoft Windows 10.0.26100; en-US) PowerShell/7.5.0"
::1 - - [08/May/2025:21:37:25 +0000] "POST /api/auth/login HTTP/1.1" 400 33 "-" "Mozilla/5.0 (Windows NT 10.0; Microsoft Windows 10.0.26100; en-US) PowerShell/7.5.0"
::1 - - [08/May/2025:21:37:25 +0000] "GET /api/auth/users HTTP/1.1" 401 44 "-" "Mozilla/5.0 (Windows NT 10.0; Microsoft Windows 10.0.26100; en-US) PowerShell/7.5.0"
::1 - - [08/May/2025:21:37:29 +0000] "POST /api/auth/login HTTP/1.1" 400 33 "-" "Mozilla/5.0 (Windows NT 10.0; Microsoft Windows 10.0.26100; en-US) PowerShell/7.5.0"
::1 - - [08/May/2025:21:38:35 +0000] "POST /api/auth/login HTTP/1.1" 400 33 "-" "Mozilla/5.0 (Windows NT 10.0; Microsoft Windows 10.0.26100; en-US) PowerShell/7.5.0"
::1 - - [08/May/2025:21:38:58 +0000] "POST /api/auth/login HTTP/1.1" 400 33 "-" "axios/1.9.0"
::1 - - [08/May/2025:21:40:14 +0000] "POST /api/auth/login HTTP/1.1" 200 328 "-" "axios/1.9.0"
::1 - - [08/May/2025:21:40:14 +0000] "GET /api/auth/users HTTP/1.1" 200 343 "-" "axios/1.9.0"
::1 - - [08/May/2025:21:42:24 +0000] "POST /api/auth/login HTTP/1.1" 200 328 "-" "Mozilla/5.0 (Windows NT 10.0; Microsoft Windows 10.0.26100; en-US) PowerShell/7.5.0"
::1 - - [08/May/2025:21:42:58 +0000] "POST /api/auth/login HTTP/1.1" 200 328 "-" "Mozilla/5.0 (Windows NT 10.0; Microsoft Windows 10.0.26100; en-US) PowerShell/7.5.0"
::1 - - [08/May/2025:21:43:46 +0000] "POST /api/auth/login HTTP/1.1" 200 328 "-" "Mozilla/5.0 (Windows NT 10.0; Microsoft Windows 10.0.26100; en-US) PowerShell/7.5.0"
::1 - - [08/May/2025:21:43:52 +0000] "POST /api/auth/login HTTP/1.1" 200 328 "-" "Mozilla/5.0 (Windows NT 10.0; Microsoft Windows 10.0.26100; en-US) PowerShell/7.5.0"
::1 - - [08/May/2025:21:43:52 +0000] "GET /api/auth/users HTTP/1.1" 200 343 "-" "Mozilla/5.0 (Windows NT 10.0; Microsoft Windows 10.0.26100; en-US) PowerShell/7.5.0"
::1 - - [08/May/2025:21:46:07 +0000] "POST /api/auth/login HTTP/1.1" 200 328 "-" "Mozilla/5.0 (Windows NT 10.0; Microsoft Windows 10.0.26100; en-US) PowerShell/7.5.0"
::1 - - [08/May/2025:21:56:35 +0000] "GET /api/auth/users HTTP/1.1" 401 44 "-" "curl/8.11.1"
::1 - - [08/May/2025:21:57:35 +0000] "GET /api/employee-portal/employees HTTP/1.1" 401 32 "-" "axios/1.9.0"
::1 - - [08/May/2025:21:57:35 +0000] "GET /api/employee-portal/employees HTTP/1.1" 401 32 "-" "axios/1.9.0"
::1 - - [08/May/2025:21:57:56 +0000] "POST /api/auth/login HTTP/1.1" 400 33 "-" "axios/1.9.0"
::1 - - [08/May/2025:21:58:15 +0000] "POST /api/auth/login HTTP/1.1" 200 328 "-" "axios/1.9.0"
::1 - - [08/May/2025:21:58:15 +0000] "GET /api/auth/users HTTP/1.1" 200 343 "-" "axios/1.9.0"
::1 - - [08/May/2025:21:58:15 +0000] "GET /api/auth/users HTTP/1.1" 200 343 "-" "axios/1.9.0"
